<?xml version="1.0" encoding="UTF-8"?>
<coverage generated="1587662103971" clover="3.2.0">
  <project timestamp="1587662103971" name="All files">
    <metrics statements="134" coveredstatements="84" conditionals="70" coveredconditionals="40" methods="58" coveredmethods="29" elements="262" coveredelements="153" complexity="0" loc="134" ncloc="134" packages="7" files="22" classes="22"/>
    <package name="src.api">
      <metrics statements="13" coveredstatements="4" conditionals="8" coveredconditionals="1" methods="6" coveredmethods="2"/>
      <file name="apiUtils.js" path="/Volumes/ravi128/PROJECTS/pluralsight/src/api/apiUtils.js">
        <metrics statements="7" coveredstatements="1" conditionals="4" coveredconditionals="1" methods="2" coveredmethods="1"/>
        <line num="2" count="1" type="cond" truecount="1" falsecount="1"/>
        <line num="3" count="0" type="cond" truecount="0" falsecount="2"/>
        <line num="6" count="0" type="stmt"/>
        <line num="7" count="0" type="stmt"/>
        <line num="9" count="0" type="stmt"/>
        <line num="15" count="0" type="stmt"/>
        <line num="16" count="0" type="stmt"/>
      </file>
      <file name="authorApi.js" path="/Volumes/ravi128/PROJECTS/pluralsight/src/api/authorApi.js">
        <metrics statements="2" coveredstatements="1" conditionals="0" coveredconditionals="0" methods="1" coveredmethods="0"/>
        <line num="2" count="1" type="stmt"/>
        <line num="5" count="0" type="stmt"/>
      </file>
      <file name="courseApi.js" path="/Volumes/ravi128/PROJECTS/pluralsight/src/api/courseApi.js">
        <metrics statements="4" coveredstatements="2" conditionals="4" coveredconditionals="0" methods="3" coveredmethods="1"/>
        <line num="2" count="4" type="stmt"/>
        <line num="5" count="1" type="stmt"/>
        <line num="11" count="0" type="cond" truecount="0" falsecount="2"/>
        <line num="21" count="0" type="stmt"/>
      </file>
    </package>
    <package name="src.components.about">
      <metrics statements="2" coveredstatements="2" conditionals="0" coveredconditionals="0" methods="1" coveredmethods="1"/>
      <file name="AboutPage.js" path="/Volumes/ravi128/PROJECTS/pluralsight/src/components/about/AboutPage.js">
        <metrics statements="2" coveredstatements="2" conditionals="0" coveredconditionals="0" methods="1" coveredmethods="1"/>
        <line num="3" count="1" type="stmt"/>
        <line num="4" count="1" type="stmt"/>
      </file>
    </package>
    <package name="src.components.common">
      <metrics statements="15" coveredstatements="15" conditionals="8" coveredconditionals="8" methods="5" coveredmethods="5"/>
      <file name="Header.js" path="/Volumes/ravi128/PROJECTS/pluralsight/src/components/common/Header.js">
        <metrics statements="3" coveredstatements="3" conditionals="0" coveredconditionals="0" methods="1" coveredmethods="1"/>
        <line num="4" count="1" type="stmt"/>
        <line num="5" count="2" type="stmt"/>
        <line num="6" count="2" type="stmt"/>
      </file>
      <file name="SelectInput.js" path="/Volumes/ravi128/PROJECTS/pluralsight/src/components/common/SelectInput.js">
        <metrics statements="4" coveredstatements="4" conditionals="2" coveredconditionals="2" methods="2" coveredmethods="2"/>
        <line num="4" count="4" type="stmt"/>
        <line num="13" count="8" type="stmt"/>
        <line num="26" count="15" type="stmt"/>
        <line num="39" count="4" type="stmt"/>
      </file>
      <file name="Spinner.js" path="/Volumes/ravi128/PROJECTS/pluralsight/src/components/common/Spinner.js">
        <metrics statements="2" coveredstatements="2" conditionals="0" coveredconditionals="0" methods="1" coveredmethods="1"/>
        <line num="4" count="2" type="stmt"/>
        <line num="5" count="1" type="stmt"/>
      </file>
      <file name="TextInput.js" path="/Volumes/ravi128/PROJECTS/pluralsight/src/components/common/TextInput.js">
        <metrics statements="6" coveredstatements="6" conditionals="6" coveredconditionals="6" methods="1" coveredmethods="1"/>
        <line num="4" count="4" type="stmt"/>
        <line num="5" count="16" type="stmt"/>
        <line num="6" count="16" type="cond" truecount="4" falsecount="0"/>
        <line num="7" count="2" type="stmt"/>
        <line num="10" count="16" type="stmt"/>
        <line num="28" count="4" type="stmt"/>
      </file>
    </package>
    <package name="src.components.courses">
      <metrics statements="46" coveredstatements="29" conditionals="34" coveredconditionals="17" methods="19" coveredmethods="9"/>
      <file name="CourseForm.js" path="/Volumes/ravi128/PROJECTS/pluralsight/src/components/courses/CourseForm.js">
        <metrics statements="4" coveredstatements="4" conditionals="10" coveredconditionals="8" methods="2" coveredmethods="2"/>
        <line num="6" count="4" type="stmt"/>
        <line num="14" count="11" type="stmt"/>
        <line num="35" count="15" type="stmt"/>
        <line num="58" count="4" type="stmt"/>
      </file>
      <file name="CourseList.js" path="/Volumes/ravi128/PROJECTS/pluralsight/src/components/courses/CourseList.js">
        <metrics statements="7" coveredstatements="6" conditionals="0" coveredconditionals="0" methods="4" coveredmethods="3"/>
        <line num="7" count="1" type="stmt"/>
        <line num="10" count="1" type="stmt"/>
        <line num="11" count="1" type="stmt"/>
        <line num="13" count="1" type="stmt"/>
        <line num="26" count="10" type="stmt"/>
        <line num="44" count="0" type="stmt"/>
        <line num="58" count="1" type="stmt"/>
      </file>
      <file name="ManageCoursePage.js" path="/Volumes/ravi128/PROJECTS/pluralsight/src/components/courses/ManageCoursePage.js">
        <metrics statements="35" coveredstatements="19" conditionals="24" coveredconditionals="9" methods="13" coveredmethods="4"/>
        <line num="20" count="3" type="stmt"/>
        <line num="21" count="3" type="stmt"/>
        <line num="22" count="3" type="stmt"/>
        <line num="24" count="3" type="stmt"/>
        <line num="25" count="1" type="cond" truecount="1" falsecount="1"/>
        <line num="26" count="0" type="stmt"/>
        <line num="27" count="0" type="stmt"/>
        <line num="30" count="1" type="stmt"/>
        <line num="33" count="1" type="cond" truecount="1" falsecount="1"/>
        <line num="34" count="0" type="stmt"/>
        <line num="35" count="0" type="stmt"/>
        <line num="41" count="0" type="stmt"/>
        <line num="42" count="0" type="stmt"/>
        <line num="49" count="1" type="stmt"/>
        <line num="50" count="1" type="stmt"/>
        <line num="52" count="1" type="cond" truecount="1" falsecount="1"/>
        <line num="53" count="1" type="cond" truecount="1" falsecount="1"/>
        <line num="54" count="1" type="cond" truecount="1" falsecount="1"/>
        <line num="56" count="1" type="stmt"/>
        <line num="58" count="1" type="stmt"/>
        <line num="62" count="1" type="stmt"/>
        <line num="63" count="1" type="cond" truecount="1" falsecount="1"/>
        <line num="64" count="0" type="stmt"/>
        <line num="65" count="0" type="stmt"/>
        <line num="67" count="0" type="stmt"/>
        <line num="68" count="0" type="stmt"/>
        <line num="71" count="0" type="stmt"/>
        <line num="72" count="0" type="stmt"/>
        <line num="76" count="3" type="cond" truecount="3" falsecount="1"/>
        <line num="90" count="1" type="stmt"/>
        <line num="101" count="0" type="cond" truecount="0" falsecount="2"/>
        <line num="105" count="0" type="stmt"/>
        <line num="107" count="0" type="cond" truecount="0" falsecount="4"/>
        <line num="110" count="0" type="stmt"/>
        <line num="117" count="1" type="stmt"/>
      </file>
    </package>
    <package name="src.redux.actions">
      <metrics statements="36" coveredstatements="16" conditionals="2" coveredconditionals="0" methods="21" coveredmethods="7"/>
      <file name="actionTypes.js" path="/Volumes/ravi128/PROJECTS/pluralsight/src/redux/actions/actionTypes.js">
        <metrics statements="8" coveredstatements="8" conditionals="0" coveredconditionals="0" methods="0" coveredmethods="0"/>
        <line num="1" count="4" type="stmt"/>
        <line num="2" count="4" type="stmt"/>
        <line num="3" count="4" type="stmt"/>
        <line num="4" count="4" type="stmt"/>
        <line num="5" count="4" type="stmt"/>
        <line num="6" count="4" type="stmt"/>
        <line num="7" count="4" type="stmt"/>
        <line num="14" count="4" type="stmt"/>
      </file>
      <file name="apiStatusActions.js" path="/Volumes/ravi128/PROJECTS/pluralsight/src/redux/actions/apiStatusActions.js">
        <metrics statements="2" coveredstatements="1" conditionals="0" coveredconditionals="0" methods="2" coveredmethods="1"/>
        <line num="4" count="1" type="stmt"/>
        <line num="8" count="0" type="stmt"/>
      </file>
      <file name="authorActions.js" path="/Volumes/ravi128/PROJECTS/pluralsight/src/redux/actions/authorActions.js">
        <metrics statements="7" coveredstatements="0" conditionals="0" coveredconditionals="0" methods="5" coveredmethods="0"/>
        <line num="6" count="0" type="stmt"/>
        <line num="10" count="0" type="stmt"/>
        <line num="11" count="0" type="stmt"/>
        <line num="12" count="0" type="stmt"/>
        <line num="15" count="0" type="stmt"/>
        <line num="18" count="0" type="stmt"/>
        <line num="19" count="0" type="stmt"/>
      </file>
      <file name="courseActions.js" path="/Volumes/ravi128/PROJECTS/pluralsight/src/redux/actions/courseActions.js">
        <metrics statements="19" coveredstatements="7" conditionals="2" coveredconditionals="0" methods="14" coveredmethods="6"/>
        <line num="6" count="1" type="stmt"/>
        <line num="10" count="3" type="stmt"/>
        <line num="14" count="1" type="stmt"/>
        <line num="18" count="0" type="stmt"/>
        <line num="22" count="1" type="stmt"/>
        <line num="23" count="1" type="stmt"/>
        <line num="24" count="1" type="stmt"/>
        <line num="27" count="1" type="stmt"/>
        <line num="30" count="0" type="stmt"/>
        <line num="31" count="0" type="stmt"/>
        <line num="38" count="0" type="stmt"/>
        <line num="39" count="0" type="stmt"/>
        <line num="40" count="0" type="stmt"/>
        <line num="43" count="0" type="cond" truecount="0" falsecount="2"/>
        <line num="48" count="0" type="stmt"/>
        <line num="49" count="0" type="stmt"/>
        <line num="55" count="0" type="stmt"/>
        <line num="58" count="0" type="stmt"/>
        <line num="59" count="0" type="stmt"/>
      </file>
    </package>
    <package name="src.redux.reducers">
      <metrics statements="17" coveredstatements="13" conditionals="18" coveredconditionals="14" methods="6" coveredmethods="5"/>
      <file name="apiStatusReducer.js" path="/Volumes/ravi128/PROJECTS/pluralsight/src/redux/reducers/apiStatusReducer.js">
        <metrics statements="6" coveredstatements="5" conditionals="7" coveredconditionals="6" methods="2" coveredmethods="2"/>
        <line num="5" count="4" type="stmt"/>
        <line num="12" count="4" type="cond" truecount="1" falsecount="1"/>
        <line num="13" count="0" type="stmt"/>
        <line num="14" count="4" type="cond" truecount="2" falsecount="0"/>
        <line num="18" count="1" type="stmt"/>
        <line num="21" count="3" type="stmt"/>
      </file>
      <file name="authorReducer.js" path="/Volumes/ravi128/PROJECTS/pluralsight/src/redux/reducers/authorReducer.js">
        <metrics statements="3" coveredstatements="2" conditionals="3" coveredconditionals="2" methods="1" coveredmethods="1"/>
        <line num="5" count="4" type="cond" truecount="1" falsecount="1"/>
        <line num="7" count="0" type="stmt"/>
        <line num="9" count="4" type="stmt"/>
      </file>
      <file name="courseReducer.js" path="/Volumes/ravi128/PROJECTS/pluralsight/src/redux/reducers/courseReducer.js">
        <metrics statements="7" coveredstatements="5" conditionals="8" coveredconditionals="6" methods="3" coveredmethods="2"/>
        <line num="5" count="6" type="cond" truecount="3" falsecount="2"/>
        <line num="7" count="2" type="stmt"/>
        <line num="9" count="1" type="stmt"/>
        <line num="10" count="3" type="cond" truecount="2" falsecount="0"/>
        <line num="13" count="0" type="stmt"/>
        <line num="15" count="0" type="stmt"/>
        <line num="17" count="3" type="stmt"/>
      </file>
      <file name="index.js" path="/Volumes/ravi128/PROJECTS/pluralsight/src/redux/reducers/index.js">
        <metrics statements="1" coveredstatements="1" conditionals="0" coveredconditionals="0" methods="0" coveredmethods="0"/>
        <line num="6" count="1" type="stmt"/>
      </file>
      <file name="initialState.js" path="/Volumes/ravi128/PROJECTS/pluralsight/src/redux/reducers/initialState.js">
        <metrics statements="0" coveredstatements="0" conditionals="0" coveredconditionals="0" methods="0" coveredmethods="0"/>
      </file>
    </package>
    <package name="tools">
      <metrics statements="5" coveredstatements="5" conditionals="0" coveredconditionals="0" methods="0" coveredmethods="0"/>
      <file name="mockData.js" path="/Volumes/ravi128/PROJECTS/pluralsight/tools/mockData.js">
        <metrics statements="4" coveredstatements="4" conditionals="0" coveredconditionals="0" methods="0" coveredmethods="0"/>
        <line num="1" count="4" type="stmt"/>
        <line num="74" count="4" type="stmt"/>
        <line num="80" count="4" type="stmt"/>
        <line num="88" count="4" type="stmt"/>
      </file>
      <file name="styleMock.js" path="/Volumes/ravi128/PROJECTS/pluralsight/tools/styleMock.js">
        <metrics statements="1" coveredstatements="1" conditionals="0" coveredconditionals="0" methods="0" coveredmethods="0"/>
        <line num="2" count="2" type="stmt"/>
      </file>
    </package>
  </project>
</coverage>
