{"/Volumes/ravi128/PROJECTS/pluralsight/src/api/apiUtils.js": {"path":"/Volumes/ravi128/PROJECTS/pluralsight/src/api/apiUtils.js","statementMap":{"0":{"start":{"line":2,"column":2},"end":{"line":2,"column":42}},"1":{"start":{"line":2,"column":19},"end":{"line":2,"column":42}},"2":{"start":{"line":3,"column":2},"end":{"line":8,"column":3}},"3":{"start":{"line":6,"column":18},"end":{"line":6,"column":39}},"4":{"start":{"line":7,"column":4},"end":{"line":7,"column":27}},"5":{"start":{"line":9,"column":2},"end":{"line":9,"column":50}},"6":{"start":{"line":15,"column":2},"end":{"line":15,"column":45}},"7":{"start":{"line":16,"column":2},"end":{"line":16,"column":14}}},"fnMap":{"0":{"name":"handleResponse","decl":{"start":{"line":1,"column":22},"end":{"line":1,"column":36}},"loc":{"start":{"line":1,"column":47},"end":{"line":10,"column":1}},"line":1},"1":{"name":"handleError","decl":{"start":{"line":13,"column":16},"end":{"line":13,"column":27}},"loc":{"start":{"line":13,"column":35},"end":{"line":17,"column":1}},"line":13}},"branchMap":{"0":{"loc":{"start":{"line":2,"column":2},"end":{"line":2,"column":42}},"type":"if","locations":[{"start":{"line":2,"column":2},"end":{"line":2,"column":42}},{"start":{"line":2,"column":2},"end":{"line":2,"column":42}}],"line":2},"1":{"loc":{"start":{"line":3,"column":2},"end":{"line":8,"column":3}},"type":"if","locations":[{"start":{"line":3,"column":2},"end":{"line":8,"column":3}},{"start":{"line":3,"column":2},"end":{"line":8,"column":3}}],"line":3}},"s":{"0":1,"1":1,"2":0,"3":0,"4":0,"5":0,"6":0,"7":0},"f":{"0":1,"1":0},"b":{"0":[1,0],"1":[0,0]},"_coverageSchema":"43e27e138ebf9cfc5966b082cf9a028302ed4184","hash":"712fea6d9e6feeda58f4ce91f89b0bd54acf1127"}
,"/Volumes/ravi128/PROJECTS/pluralsight/src/api/authorApi.js": {"path":"/Volumes/ravi128/PROJECTS/pluralsight/src/api/authorApi.js","statementMap":{"0":{"start":{"line":2,"column":16},"end":{"line":2,"column":49}},"1":{"start":{"line":5,"column":2},"end":{"line":7,"column":24}}},"fnMap":{"0":{"name":"getAuthors","decl":{"start":{"line":4,"column":16},"end":{"line":4,"column":26}},"loc":{"start":{"line":4,"column":29},"end":{"line":8,"column":1}},"line":4}},"branchMap":{},"s":{"0":1,"1":0},"f":{"0":0},"b":{},"_coverageSchema":"43e27e138ebf9cfc5966b082cf9a028302ed4184","hash":"cc3275cbf54a30de831bbfcff5fbd8ff3f8b8e33"}
,"/Volumes/ravi128/PROJECTS/pluralsight/src/api/courseApi.js": {"path":"/Volumes/ravi128/PROJECTS/pluralsight/src/api/courseApi.js","statementMap":{"0":{"start":{"line":2,"column":16},"end":{"line":2,"column":49}},"1":{"start":{"line":5,"column":2},"end":{"line":7,"column":24}},"2":{"start":{"line":11,"column":2},"end":{"line":17,"column":24}},"3":{"start":{"line":21,"column":2},"end":{"line":23,"column":24}}},"fnMap":{"0":{"name":"getCourses","decl":{"start":{"line":4,"column":16},"end":{"line":4,"column":26}},"loc":{"start":{"line":4,"column":29},"end":{"line":8,"column":1}},"line":4},"1":{"name":"saveCourse","decl":{"start":{"line":10,"column":16},"end":{"line":10,"column":26}},"loc":{"start":{"line":10,"column":35},"end":{"line":18,"column":1}},"line":10},"2":{"name":"deleteCourse","decl":{"start":{"line":20,"column":16},"end":{"line":20,"column":28}},"loc":{"start":{"line":20,"column":39},"end":{"line":24,"column":1}},"line":20}},"branchMap":{"0":{"loc":{"start":{"line":11,"column":26},"end":{"line":11,"column":41}},"type":"binary-expr","locations":[{"start":{"line":11,"column":26},"end":{"line":11,"column":35}},{"start":{"line":11,"column":39},"end":{"line":11,"column":41}}],"line":11},"1":{"loc":{"start":{"line":12,"column":12},"end":{"line":12,"column":38}},"type":"cond-expr","locations":[{"start":{"line":12,"column":24},"end":{"line":12,"column":29}},{"start":{"line":12,"column":32},"end":{"line":12,"column":38}}],"line":12}},"s":{"0":4,"1":1,"2":0,"3":0},"f":{"0":1,"1":0,"2":0},"b":{"0":[0,0],"1":[0,0]},"_coverageSchema":"43e27e138ebf9cfc5966b082cf9a028302ed4184","hash":"25a7df13b193009e4e58cc29a6084c37084e79a0"}
,"/Volumes/ravi128/PROJECTS/pluralsight/src/components/about/AboutPage.js": {"path":"/Volumes/ravi128/PROJECTS/pluralsight/src/components/about/AboutPage.js","statementMap":{"0":{"start":{"line":3,"column":18},"end":{"line":11,"column":1}},"1":{"start":{"line":4,"column":2},"end":{"line":10,"column":8}}},"fnMap":{"0":{"name":"(anonymous_0)","decl":{"start":{"line":3,"column":18},"end":{"line":3,"column":19}},"loc":{"start":{"line":4,"column":2},"end":{"line":10,"column":8}},"line":4}},"branchMap":{},"s":{"0":1,"1":1},"f":{"0":1},"b":{},"_coverageSchema":"43e27e138ebf9cfc5966b082cf9a028302ed4184","hash":"e35a9727b5f157f1519bf95e9d4464b3101fcf34"}
,"/Volumes/ravi128/PROJECTS/pluralsight/src/components/common/Header.js": {"path":"/Volumes/ravi128/PROJECTS/pluralsight/src/components/common/Header.js","statementMap":{"0":{"start":{"line":4,"column":15},"end":{"line":21,"column":1}},"1":{"start":{"line":5,"column":22},"end":{"line":5,"column":42}},"2":{"start":{"line":6,"column":2},"end":{"line":20,"column":4}}},"fnMap":{"0":{"name":"(anonymous_0)","decl":{"start":{"line":4,"column":15},"end":{"line":4,"column":16}},"loc":{"start":{"line":4,"column":21},"end":{"line":21,"column":1}},"line":4}},"branchMap":{},"s":{"0":1,"1":2,"2":2},"f":{"0":2},"b":{},"_coverageSchema":"43e27e138ebf9cfc5966b082cf9a028302ed4184","hash":"8f94467125d977de824864c2df3df710e9b9555f"}
,"/Volumes/ravi128/PROJECTS/pluralsight/src/components/common/SelectInput.js": {"path":"/Volumes/ravi128/PROJECTS/pluralsight/src/components/common/SelectInput.js","statementMap":{"0":{"start":{"line":4,"column":20},"end":{"line":37,"column":1}},"1":{"start":{"line":13,"column":2},"end":{"line":36,"column":4}},"2":{"start":{"line":26,"column":12},"end":{"line":30,"column":14}},"3":{"start":{"line":39,"column":0},"end":{"line":47,"column":2}}},"fnMap":{"0":{"name":"(anonymous_0)","decl":{"start":{"line":4,"column":20},"end":{"line":4,"column":21}},"loc":{"start":{"line":12,"column":6},"end":{"line":37,"column":1}},"line":12},"1":{"name":"(anonymous_1)","decl":{"start":{"line":25,"column":23},"end":{"line":25,"column":24}},"loc":{"start":{"line":25,"column":33},"end":{"line":31,"column":11}},"line":25}},"branchMap":{"0":{"loc":{"start":{"line":33,"column":9},"end":{"line":33,"column":67}},"type":"binary-expr","locations":[{"start":{"line":33,"column":9},"end":{"line":33,"column":14}},{"start":{"line":33,"column":18},"end":{"line":33,"column":67}}],"line":33}},"s":{"0":4,"1":8,"2":15,"3":4},"f":{"0":8,"1":15},"b":{"0":[8,1]},"_coverageSchema":"43e27e138ebf9cfc5966b082cf9a028302ed4184","hash":"66badd8e6119d9f524724b05640f793f640c6be4"}
,"/Volumes/ravi128/PROJECTS/pluralsight/src/components/common/Spinner.js": {"path":"/Volumes/ravi128/PROJECTS/pluralsight/src/components/common/Spinner.js","statementMap":{"0":{"start":{"line":4,"column":16},"end":{"line":6,"column":1}},"1":{"start":{"line":5,"column":2},"end":{"line":5,"column":50}}},"fnMap":{"0":{"name":"(anonymous_0)","decl":{"start":{"line":4,"column":16},"end":{"line":4,"column":17}},"loc":{"start":{"line":4,"column":22},"end":{"line":6,"column":1}},"line":4}},"branchMap":{},"s":{"0":2,"1":1},"f":{"0":1},"b":{},"_coverageSchema":"43e27e138ebf9cfc5966b082cf9a028302ed4184","hash":"112f8ad2a4705776d48dad60a39ed4b94d1b62a5"}
,"/Volumes/ravi128/PROJECTS/pluralsight/src/components/common/TextInput.js": {"path":"/Volumes/ravi128/PROJECTS/pluralsight/src/components/common/TextInput.js","statementMap":{"0":{"start":{"line":4,"column":18},"end":{"line":26,"column":1}},"1":{"start":{"line":5,"column":21},"end":{"line":5,"column":33}},"2":{"start":{"line":6,"column":2},"end":{"line":8,"column":3}},"3":{"start":{"line":7,"column":4},"end":{"line":7,"column":38}},"4":{"start":{"line":10,"column":2},"end":{"line":25,"column":4}},"5":{"start":{"line":28,"column":0},"end":{"line":35,"column":2}}},"fnMap":{"0":{"name":"(anonymous_0)","decl":{"start":{"line":4,"column":18},"end":{"line":4,"column":19}},"loc":{"start":{"line":4,"column":76},"end":{"line":26,"column":1}},"line":4}},"branchMap":{"0":{"loc":{"start":{"line":6,"column":2},"end":{"line":8,"column":3}},"type":"if","locations":[{"start":{"line":6,"column":2},"end":{"line":8,"column":3}},{"start":{"line":6,"column":2},"end":{"line":8,"column":3}}],"line":6},"1":{"loc":{"start":{"line":6,"column":6},"end":{"line":6,"column":31}},"type":"binary-expr","locations":[{"start":{"line":6,"column":6},"end":{"line":6,"column":11}},{"start":{"line":6,"column":15},"end":{"line":6,"column":31}}],"line":6},"2":{"loc":{"start":{"line":22,"column":9},"end":{"line":22,"column":67}},"type":"binary-expr","locations":[{"start":{"line":22,"column":9},"end":{"line":22,"column":14}},{"start":{"line":22,"column":18},"end":{"line":22,"column":67}}],"line":22}},"s":{"0":4,"1":16,"2":16,"3":2,"4":16,"5":4},"f":{"0":16},"b":{"0":[2,14],"1":[16,2],"2":[16,2]},"_coverageSchema":"43e27e138ebf9cfc5966b082cf9a028302ed4184","hash":"0e41b14d74b001a6a6c9f8433ef2657d2513d59b"}
,"/Volumes/ravi128/PROJECTS/pluralsight/src/components/courses/CourseForm.js": {"path":"/Volumes/ravi128/PROJECTS/pluralsight/src/components/courses/CourseForm.js","statementMap":{"0":{"start":{"line":6,"column":19},"end":{"line":56,"column":1}},"1":{"start":{"line":14,"column":2},"end":{"line":55,"column":4}},"2":{"start":{"line":35,"column":40},"end":{"line":38,"column":9}},"3":{"start":{"line":58,"column":0},"end":{"line":65,"column":2}}},"fnMap":{"0":{"name":"(anonymous_0)","decl":{"start":{"line":6,"column":19},"end":{"line":6,"column":20}},"loc":{"start":{"line":13,"column":6},"end":{"line":56,"column":1}},"line":13},"1":{"name":"(anonymous_1)","decl":{"start":{"line":35,"column":29},"end":{"line":35,"column":30}},"loc":{"start":{"line":35,"column":40},"end":{"line":38,"column":9}},"line":35}},"branchMap":{"0":{"loc":{"start":{"line":11,"column":2},"end":{"line":11,"column":16}},"type":"default-arg","locations":[{"start":{"line":11,"column":11},"end":{"line":11,"column":16}}],"line":11},"1":{"loc":{"start":{"line":12,"column":2},"end":{"line":12,"column":13}},"type":"default-arg","locations":[{"start":{"line":12,"column":11},"end":{"line":12,"column":13}}],"line":12},"2":{"loc":{"start":{"line":16,"column":11},"end":{"line":16,"column":37}},"type":"cond-expr","locations":[{"start":{"line":16,"column":23},"end":{"line":16,"column":29}},{"start":{"line":16,"column":32},"end":{"line":16,"column":37}}],"line":16},"3":{"loc":{"start":{"line":17,"column":7},"end":{"line":21,"column":7}},"type":"binary-expr","locations":[{"start":{"line":17,"column":7},"end":{"line":17,"column":20}},{"start":{"line":18,"column":8},"end":{"line":20,"column":14}}],"line":17},"4":{"loc":{"start":{"line":33,"column":15},"end":{"line":33,"column":36}},"type":"binary-expr","locations":[{"start":{"line":33,"column":15},"end":{"line":33,"column":30}},{"start":{"line":33,"column":34},"end":{"line":33,"column":36}}],"line":33},"5":{"loc":{"start":{"line":52,"column":9},"end":{"line":52,"column":38}},"type":"cond-expr","locations":[{"start":{"line":52,"column":18},"end":{"line":52,"column":29}},{"start":{"line":52,"column":32},"end":{"line":52,"column":38}}],"line":52}},"s":{"0":4,"1":11,"2":15,"3":4},"f":{"0":11,"1":15},"b":{"0":[0],"1":[2],"2":[2,9],"3":[11,0],"4":[11,9],"5":[3,8]},"_coverageSchema":"43e27e138ebf9cfc5966b082cf9a028302ed4184","hash":"496b71e41397babd7cda183c7add364c44b4dab6"}
,"/Volumes/ravi128/PROJECTS/pluralsight/src/components/courses/CourseList.js": {"path":"/Volumes/ravi128/PROJECTS/pluralsight/src/components/courses/CourseList.js","statementMap":{"0":{"start":{"line":7,"column":4},"end":{"line":7,"column":12}},"1":{"start":{"line":10,"column":24},"end":{"line":10,"column":34}},"2":{"start":{"line":11,"column":4},"end":{"line":11,"column":27}},"3":{"start":{"line":13,"column":4},"end":{"line":54,"column":6}},"4":{"start":{"line":26,"column":12},"end":{"line":50,"column":14}},"5":{"start":{"line":44,"column":35},"end":{"line":44,"column":67}},"6":{"start":{"line":58,"column":0},"end":{"line":61,"column":2}}},"fnMap":{"0":{"name":"(anonymous_0)","decl":{"start":{"line":6,"column":2},"end":{"line":6,"column":3}},"loc":{"start":{"line":6,"column":16},"end":{"line":8,"column":3}},"line":6},"1":{"name":"(anonymous_1)","decl":{"start":{"line":9,"column":2},"end":{"line":9,"column":3}},"loc":{"start":{"line":9,"column":11},"end":{"line":55,"column":3}},"line":9},"2":{"name":"(anonymous_2)","decl":{"start":{"line":25,"column":23},"end":{"line":25,"column":24}},"loc":{"start":{"line":25,"column":35},"end":{"line":51,"column":11}},"line":25},"3":{"name":"(anonymous_3)","decl":{"start":{"line":44,"column":29},"end":{"line":44,"column":30}},"loc":{"start":{"line":44,"column":35},"end":{"line":44,"column":67}},"line":44}},"branchMap":{},"s":{"0":2,"1":2,"2":2,"3":2,"4":20,"5":0,"6":1},"f":{"0":2,"1":2,"2":20,"3":0},"b":{},"_coverageSchema":"43e27e138ebf9cfc5966b082cf9a028302ed4184","hash":"fcdbebcb4fceab14df3539d5ad4f5f588cdfd674"}
,"/Volumes/ravi128/PROJECTS/pluralsight/src/components/courses/ManageCoursePage.js": {"path":"/Volumes/ravi128/PROJECTS/pluralsight/src/components/courses/ManageCoursePage.js","statementMap":{"0":{"start":{"line":20,"column":30},"end":{"line":20,"column":59}},"1":{"start":{"line":21,"column":30},"end":{"line":21,"column":42}},"2":{"start":{"line":22,"column":30},"end":{"line":22,"column":45}},"3":{"start":{"line":24,"column":2},"end":{"line":38,"column":21}},"4":{"start":{"line":25,"column":4},"end":{"line":31,"column":5}},"5":{"start":{"line":26,"column":6},"end":{"line":28,"column":9}},"6":{"start":{"line":27,"column":8},"end":{"line":27,"column":48}},"7":{"start":{"line":30,"column":6},"end":{"line":30,"column":37}},"8":{"start":{"line":33,"column":4},"end":{"line":37,"column":5}},"9":{"start":{"line":34,"column":6},"end":{"line":36,"column":9}},"10":{"start":{"line":35,"column":8},"end":{"line":35,"column":48}},"11":{"start":{"line":41,"column":28},"end":{"line":41,"column":40}},"12":{"start":{"line":42,"column":4},"end":{"line":45,"column":8}},"13":{"start":{"line":42,"column":29},"end":{"line":45,"column":5}},"14":{"start":{"line":49,"column":42},"end":{"line":49,"column":48}},"15":{"start":{"line":50,"column":19},"end":{"line":50,"column":21}},"16":{"start":{"line":52,"column":4},"end":{"line":52,"column":52}},"17":{"start":{"line":52,"column":16},"end":{"line":52,"column":52}},"18":{"start":{"line":53,"column":4},"end":{"line":53,"column":56}},"19":{"start":{"line":53,"column":19},"end":{"line":53,"column":56}},"20":{"start":{"line":54,"column":4},"end":{"line":54,"column":60}},"21":{"start":{"line":54,"column":19},"end":{"line":54,"column":60}},"22":{"start":{"line":56,"column":4},"end":{"line":56,"column":22}},"23":{"start":{"line":58,"column":4},"end":{"line":58,"column":44}},"24":{"start":{"line":62,"column":4},"end":{"line":62,"column":27}},"25":{"start":{"line":63,"column":4},"end":{"line":63,"column":31}},"26":{"start":{"line":63,"column":24},"end":{"line":63,"column":31}},"27":{"start":{"line":64,"column":4},"end":{"line":64,"column":20}},"28":{"start":{"line":65,"column":4},"end":{"line":73,"column":9}},"29":{"start":{"line":67,"column":8},"end":{"line":67,"column":39}},"30":{"start":{"line":68,"column":8},"end":{"line":68,"column":33}},"31":{"start":{"line":71,"column":8},"end":{"line":71,"column":25}},"32":{"start":{"line":72,"column":8},"end":{"line":72,"column":45}},"33":{"start":{"line":76,"column":2},"end":{"line":87,"column":4}},"34":{"start":{"line":90,"column":0},"end":{"line":98,"column":2}},"35":{"start":{"line":101,"column":2},"end":{"line":101,"column":62}},"36":{"start":{"line":101,"column":32},"end":{"line":101,"column":52}},"37":{"start":{"line":105,"column":15},"end":{"line":105,"column":41}},"38":{"start":{"line":107,"column":4},"end":{"line":109,"column":17}},"39":{"start":{"line":110,"column":2},"end":{"line":114,"column":4}},"40":{"start":{"line":117,"column":27},"end":{"line":121,"column":1}}},"fnMap":{"0":{"name":"ManageCoursePage","decl":{"start":{"line":11,"column":16},"end":{"line":11,"column":32}},"loc":{"start":{"line":19,"column":3},"end":{"line":88,"column":1}},"line":19},"1":{"name":"(anonymous_1)","decl":{"start":{"line":24,"column":12},"end":{"line":24,"column":13}},"loc":{"start":{"line":24,"column":18},"end":{"line":38,"column":3}},"line":24},"2":{"name":"(anonymous_2)","decl":{"start":{"line":26,"column":26},"end":{"line":26,"column":27}},"loc":{"start":{"line":26,"column":35},"end":{"line":28,"column":7}},"line":26},"3":{"name":"(anonymous_3)","decl":{"start":{"line":34,"column":26},"end":{"line":34,"column":27}},"loc":{"start":{"line":34,"column":35},"end":{"line":36,"column":7}},"line":34},"4":{"name":"handleChange","decl":{"start":{"line":40,"column":11},"end":{"line":40,"column":23}},"loc":{"start":{"line":40,"column":31},"end":{"line":46,"column":3}},"line":40},"5":{"name":"(anonymous_5)","decl":{"start":{"line":42,"column":14},"end":{"line":42,"column":15}},"loc":{"start":{"line":42,"column":29},"end":{"line":45,"column":5}},"line":42},"6":{"name":"formIsValid","decl":{"start":{"line":48,"column":11},"end":{"line":48,"column":22}},"loc":{"start":{"line":48,"column":25},"end":{"line":59,"column":3}},"line":48},"7":{"name":"handleSave","decl":{"start":{"line":61,"column":11},"end":{"line":61,"column":21}},"loc":{"start":{"line":61,"column":29},"end":{"line":74,"column":3}},"line":61},"8":{"name":"(anonymous_8)","decl":{"start":{"line":66,"column":12},"end":{"line":66,"column":13}},"loc":{"start":{"line":66,"column":18},"end":{"line":69,"column":7}},"line":66},"9":{"name":"(anonymous_9)","decl":{"start":{"line":70,"column":13},"end":{"line":70,"column":14}},"loc":{"start":{"line":70,"column":22},"end":{"line":73,"column":7}},"line":70},"10":{"name":"getCourseBySlug","decl":{"start":{"line":100,"column":16},"end":{"line":100,"column":31}},"loc":{"start":{"line":100,"column":47},"end":{"line":102,"column":1}},"line":100},"11":{"name":"(anonymous_11)","decl":{"start":{"line":101,"column":22},"end":{"line":101,"column":23}},"loc":{"start":{"line":101,"column":32},"end":{"line":101,"column":52}},"line":101},"12":{"name":"mapStateToProps","decl":{"start":{"line":104,"column":9},"end":{"line":104,"column":24}},"loc":{"start":{"line":104,"column":42},"end":{"line":115,"column":1}},"line":104}},"branchMap":{"0":{"loc":{"start":{"line":25,"column":4},"end":{"line":31,"column":5}},"type":"if","locations":[{"start":{"line":25,"column":4},"end":{"line":31,"column":5}},{"start":{"line":25,"column":4},"end":{"line":31,"column":5}}],"line":25},"1":{"loc":{"start":{"line":33,"column":4},"end":{"line":37,"column":5}},"type":"if","locations":[{"start":{"line":33,"column":4},"end":{"line":37,"column":5}},{"start":{"line":33,"column":4},"end":{"line":37,"column":5}}],"line":33},"2":{"loc":{"start":{"line":44,"column":14},"end":{"line":44,"column":63}},"type":"cond-expr","locations":[{"start":{"line":44,"column":36},"end":{"line":44,"column":55}},{"start":{"line":44,"column":58},"end":{"line":44,"column":63}}],"line":44},"3":{"loc":{"start":{"line":52,"column":4},"end":{"line":52,"column":52}},"type":"if","locations":[{"start":{"line":52,"column":4},"end":{"line":52,"column":52}},{"start":{"line":52,"column":4},"end":{"line":52,"column":52}}],"line":52},"4":{"loc":{"start":{"line":53,"column":4},"end":{"line":53,"column":56}},"type":"if","locations":[{"start":{"line":53,"column":4},"end":{"line":53,"column":56}},{"start":{"line":53,"column":4},"end":{"line":53,"column":56}}],"line":53},"5":{"loc":{"start":{"line":54,"column":4},"end":{"line":54,"column":60}},"type":"if","locations":[{"start":{"line":54,"column":4},"end":{"line":54,"column":60}},{"start":{"line":54,"column":4},"end":{"line":54,"column":60}}],"line":54},"6":{"loc":{"start":{"line":63,"column":4},"end":{"line":63,"column":31}},"type":"if","locations":[{"start":{"line":63,"column":4},"end":{"line":63,"column":31}},{"start":{"line":63,"column":4},"end":{"line":63,"column":31}}],"line":63},"7":{"loc":{"start":{"line":76,"column":9},"end":{"line":87,"column":3}},"type":"cond-expr","locations":[{"start":{"line":77,"column":4},"end":{"line":77,"column":15}},{"start":{"line":79,"column":4},"end":{"line":86,"column":6}}],"line":76},"8":{"loc":{"start":{"line":76,"column":9},"end":{"line":76,"column":53}},"type":"binary-expr","locations":[{"start":{"line":76,"column":9},"end":{"line":76,"column":29}},{"start":{"line":76,"column":33},"end":{"line":76,"column":53}}],"line":76},"9":{"loc":{"start":{"line":101,"column":9},"end":{"line":101,"column":61}},"type":"binary-expr","locations":[{"start":{"line":101,"column":9},"end":{"line":101,"column":53}},{"start":{"line":101,"column":57},"end":{"line":101,"column":61}}],"line":101},"10":{"loc":{"start":{"line":107,"column":4},"end":{"line":109,"column":17}},"type":"cond-expr","locations":[{"start":{"line":108,"column":8},"end":{"line":108,"column":44}},{"start":{"line":109,"column":8},"end":{"line":109,"column":17}}],"line":107},"11":{"loc":{"start":{"line":107,"column":4},"end":{"line":107,"column":36}},"type":"binary-expr","locations":[{"start":{"line":107,"column":4},"end":{"line":107,"column":8}},{"start":{"line":107,"column":12},"end":{"line":107,"column":36}}],"line":107}},"s":{"0":3,"1":3,"2":3,"3":3,"4":1,"5":0,"6":0,"7":1,"8":1,"9":0,"10":0,"11":0,"12":0,"13":0,"14":1,"15":1,"16":1,"17":1,"18":1,"19":1,"20":1,"21":1,"22":1,"23":1,"24":1,"25":1,"26":1,"27":0,"28":0,"29":0,"30":0,"31":0,"32":0,"33":3,"34":1,"35":0,"36":0,"37":0,"38":0,"39":0,"40":1},"f":{"0":3,"1":1,"2":0,"3":0,"4":0,"5":0,"6":1,"7":1,"8":0,"9":0,"10":0,"11":0,"12":0},"b":{"0":[0,1],"1":[0,1],"2":[0,0],"3":[1,0],"4":[1,0],"5":[1,0],"6":[1,0],"7":[0,3],"8":[3,3],"9":[0,0],"10":[0,0],"11":[0,0]},"_coverageSchema":"43e27e138ebf9cfc5966b082cf9a028302ed4184","hash":"f685d7372045456ca9e387645f17c570be00dfcc"}
,"/Volumes/ravi128/PROJECTS/pluralsight/src/redux/actions/actionTypes.js": {"path":"/Volumes/ravi128/PROJECTS/pluralsight/src/redux/actions/actionTypes.js","statementMap":{"0":{"start":{"line":1,"column":29},"end":{"line":1,"column":44}},"1":{"start":{"line":2,"column":36},"end":{"line":2,"column":58}},"2":{"start":{"line":3,"column":36},"end":{"line":3,"column":58}},"3":{"start":{"line":4,"column":37},"end":{"line":4,"column":60}},"4":{"start":{"line":5,"column":37},"end":{"line":5,"column":60}},"5":{"start":{"line":6,"column":30},"end":{"line":6,"column":46}},"6":{"start":{"line":7,"column":30},"end":{"line":7,"column":46}},"7":{"start":{"line":14,"column":40},"end":{"line":14,"column":66}}},"fnMap":{},"branchMap":{},"s":{"0":4,"1":4,"2":4,"3":4,"4":4,"5":4,"6":4,"7":4},"f":{},"b":{},"_coverageSchema":"43e27e138ebf9cfc5966b082cf9a028302ed4184","hash":"002425545f999bfba5b9efad23b93b2c1e2b9085"}
,"/Volumes/ravi128/PROJECTS/pluralsight/src/redux/actions/apiStatusActions.js": {"path":"/Volumes/ravi128/PROJECTS/pluralsight/src/redux/actions/apiStatusActions.js","statementMap":{"0":{"start":{"line":4,"column":2},"end":{"line":4,"column":40}},"1":{"start":{"line":8,"column":2},"end":{"line":8,"column":40}}},"fnMap":{"0":{"name":"beginApiCall","decl":{"start":{"line":3,"column":16},"end":{"line":3,"column":28}},"loc":{"start":{"line":3,"column":31},"end":{"line":5,"column":1}},"line":3},"1":{"name":"apiCallError","decl":{"start":{"line":7,"column":16},"end":{"line":7,"column":28}},"loc":{"start":{"line":7,"column":31},"end":{"line":9,"column":1}},"line":7}},"branchMap":{},"s":{"0":1,"1":0},"f":{"0":1,"1":0},"b":{},"_coverageSchema":"43e27e138ebf9cfc5966b082cf9a028302ed4184","hash":"a466ac526a013a53a7b05cd2c84712c886258ca9"}
,"/Volumes/ravi128/PROJECTS/pluralsight/src/redux/actions/authorActions.js": {"path":"/Volumes/ravi128/PROJECTS/pluralsight/src/redux/actions/authorActions.js","statementMap":{"0":{"start":{"line":6,"column":2},"end":{"line":6,"column":55}},"1":{"start":{"line":10,"column":2},"end":{"line":21,"column":4}},"2":{"start":{"line":11,"column":4},"end":{"line":11,"column":29}},"3":{"start":{"line":12,"column":4},"end":{"line":20,"column":9}},"4":{"start":{"line":15,"column":8},"end":{"line":15,"column":46}},"5":{"start":{"line":18,"column":8},"end":{"line":18,"column":38}},"6":{"start":{"line":19,"column":8},"end":{"line":19,"column":20}}},"fnMap":{"0":{"name":"loadAuthorsSuccess","decl":{"start":{"line":5,"column":16},"end":{"line":5,"column":34}},"loc":{"start":{"line":5,"column":44},"end":{"line":7,"column":1}},"line":5},"1":{"name":"loadAuthors","decl":{"start":{"line":9,"column":16},"end":{"line":9,"column":27}},"loc":{"start":{"line":9,"column":30},"end":{"line":22,"column":1}},"line":9},"2":{"name":"(anonymous_2)","decl":{"start":{"line":10,"column":9},"end":{"line":10,"column":10}},"loc":{"start":{"line":10,"column":28},"end":{"line":21,"column":3}},"line":10},"3":{"name":"(anonymous_3)","decl":{"start":{"line":14,"column":12},"end":{"line":14,"column":13}},"loc":{"start":{"line":14,"column":23},"end":{"line":16,"column":7}},"line":14},"4":{"name":"(anonymous_4)","decl":{"start":{"line":17,"column":13},"end":{"line":17,"column":14}},"loc":{"start":{"line":17,"column":22},"end":{"line":20,"column":7}},"line":17}},"branchMap":{},"s":{"0":0,"1":0,"2":0,"3":0,"4":0,"5":0,"6":0},"f":{"0":0,"1":0,"2":0,"3":0,"4":0},"b":{},"_coverageSchema":"43e27e138ebf9cfc5966b082cf9a028302ed4184","hash":"53e85763a66a55bab16dfb3732897c5997a77ccf"}
,"/Volumes/ravi128/PROJECTS/pluralsight/src/redux/actions/courseActions.js": {"path":"/Volumes/ravi128/PROJECTS/pluralsight/src/redux/actions/courseActions.js","statementMap":{"0":{"start":{"line":6,"column":2},"end":{"line":6,"column":55}},"1":{"start":{"line":10,"column":2},"end":{"line":10,"column":55}},"2":{"start":{"line":14,"column":2},"end":{"line":14,"column":55}},"3":{"start":{"line":18,"column":2},"end":{"line":18,"column":58}},"4":{"start":{"line":22,"column":2},"end":{"line":33,"column":4}},"5":{"start":{"line":23,"column":4},"end":{"line":23,"column":29}},"6":{"start":{"line":24,"column":4},"end":{"line":32,"column":9}},"7":{"start":{"line":27,"column":8},"end":{"line":27,"column":45}},"8":{"start":{"line":30,"column":8},"end":{"line":30,"column":38}},"9":{"start":{"line":31,"column":8},"end":{"line":31,"column":20}},"10":{"start":{"line":38,"column":2},"end":{"line":51,"column":4}},"11":{"start":{"line":39,"column":4},"end":{"line":39,"column":29}},"12":{"start":{"line":40,"column":4},"end":{"line":50,"column":9}},"13":{"start":{"line":43,"column":8},"end":{"line":45,"column":55}},"14":{"start":{"line":48,"column":8},"end":{"line":48,"column":38}},"15":{"start":{"line":49,"column":8},"end":{"line":49,"column":20}},"16":{"start":{"line":55,"column":2},"end":{"line":60,"column":4}},"17":{"start":{"line":58,"column":4},"end":{"line":58,"column":45}},"18":{"start":{"line":59,"column":4},"end":{"line":59,"column":45}}},"fnMap":{"0":{"name":"loadCourseSuccess","decl":{"start":{"line":5,"column":16},"end":{"line":5,"column":33}},"loc":{"start":{"line":5,"column":43},"end":{"line":7,"column":1}},"line":5},"1":{"name":"createCourseSuccess","decl":{"start":{"line":9,"column":16},"end":{"line":9,"column":35}},"loc":{"start":{"line":9,"column":44},"end":{"line":11,"column":1}},"line":9},"2":{"name":"updateCourseSuccess","decl":{"start":{"line":13,"column":16},"end":{"line":13,"column":35}},"loc":{"start":{"line":13,"column":44},"end":{"line":15,"column":1}},"line":13},"3":{"name":"deleteCourseOptimistic","decl":{"start":{"line":17,"column":16},"end":{"line":17,"column":38}},"loc":{"start":{"line":17,"column":47},"end":{"line":19,"column":1}},"line":17},"4":{"name":"loadCourses","decl":{"start":{"line":21,"column":16},"end":{"line":21,"column":27}},"loc":{"start":{"line":21,"column":30},"end":{"line":34,"column":1}},"line":21},"5":{"name":"(anonymous_5)","decl":{"start":{"line":22,"column":9},"end":{"line":22,"column":10}},"loc":{"start":{"line":22,"column":28},"end":{"line":33,"column":3}},"line":22},"6":{"name":"(anonymous_6)","decl":{"start":{"line":26,"column":12},"end":{"line":26,"column":13}},"loc":{"start":{"line":26,"column":23},"end":{"line":28,"column":7}},"line":26},"7":{"name":"(anonymous_7)","decl":{"start":{"line":29,"column":13},"end":{"line":29,"column":14}},"loc":{"start":{"line":29,"column":22},"end":{"line":32,"column":7}},"line":29},"8":{"name":"saveCourse","decl":{"start":{"line":36,"column":16},"end":{"line":36,"column":26}},"loc":{"start":{"line":36,"column":35},"end":{"line":52,"column":1}},"line":36},"9":{"name":"(anonymous_9)","decl":{"start":{"line":38,"column":9},"end":{"line":38,"column":10}},"loc":{"start":{"line":38,"column":38},"end":{"line":51,"column":3}},"line":38},"10":{"name":"(anonymous_10)","decl":{"start":{"line":42,"column":12},"end":{"line":42,"column":13}},"loc":{"start":{"line":42,"column":27},"end":{"line":46,"column":7}},"line":42},"11":{"name":"(anonymous_11)","decl":{"start":{"line":47,"column":13},"end":{"line":47,"column":14}},"loc":{"start":{"line":47,"column":22},"end":{"line":50,"column":7}},"line":47},"12":{"name":"deleteCourse","decl":{"start":{"line":54,"column":16},"end":{"line":54,"column":28}},"loc":{"start":{"line":54,"column":37},"end":{"line":61,"column":1}},"line":54},"13":{"name":"(anonymous_13)","decl":{"start":{"line":55,"column":9},"end":{"line":55,"column":10}},"loc":{"start":{"line":55,"column":28},"end":{"line":60,"column":3}},"line":55}},"branchMap":{"0":{"loc":{"start":{"line":43,"column":8},"end":{"line":45,"column":54}},"type":"cond-expr","locations":[{"start":{"line":44,"column":12},"end":{"line":44,"column":54}},{"start":{"line":45,"column":12},"end":{"line":45,"column":54}}],"line":43}},"s":{"0":1,"1":3,"2":1,"3":0,"4":1,"5":1,"6":1,"7":1,"8":0,"9":0,"10":0,"11":0,"12":0,"13":0,"14":0,"15":0,"16":0,"17":0,"18":0},"f":{"0":1,"1":3,"2":1,"3":0,"4":1,"5":1,"6":1,"7":0,"8":0,"9":0,"10":0,"11":0,"12":0,"13":0},"b":{"0":[0,0]},"_coverageSchema":"43e27e138ebf9cfc5966b082cf9a028302ed4184","hash":"0178d3f2a1af6078c89b58fed478a6b322a71edb"}
,"/Volumes/ravi128/PROJECTS/pluralsight/src/redux/reducers/apiStatusReducer.js": {"path":"/Volumes/ravi128/PROJECTS/pluralsight/src/redux/reducers/apiStatusReducer.js","statementMap":{"0":{"start":{"line":5,"column":2},"end":{"line":5,"column":56}},"1":{"start":{"line":12,"column":2},"end":{"line":19,"column":3}},"2":{"start":{"line":13,"column":4},"end":{"line":13,"column":21}},"3":{"start":{"line":14,"column":9},"end":{"line":19,"column":3}},"4":{"start":{"line":18,"column":4},"end":{"line":18,"column":21}},"5":{"start":{"line":21,"column":2},"end":{"line":21,"column":15}}},"fnMap":{"0":{"name":"actionTypeEndsInSuccess","decl":{"start":{"line":4,"column":9},"end":{"line":4,"column":32}},"loc":{"start":{"line":4,"column":39},"end":{"line":6,"column":1}},"line":4},"1":{"name":"apiCallStatusReducer","decl":{"start":{"line":8,"column":24},"end":{"line":8,"column":44}},"loc":{"start":{"line":11,"column":2},"end":{"line":22,"column":1}},"line":11}},"branchMap":{"0":{"loc":{"start":{"line":9,"column":2},"end":{"line":9,"column":41}},"type":"default-arg","locations":[{"start":{"line":9,"column":10},"end":{"line":9,"column":41}}],"line":9},"1":{"loc":{"start":{"line":12,"column":2},"end":{"line":19,"column":3}},"type":"if","locations":[{"start":{"line":12,"column":2},"end":{"line":19,"column":3}},{"start":{"line":12,"column":2},"end":{"line":19,"column":3}}],"line":12},"2":{"loc":{"start":{"line":14,"column":9},"end":{"line":19,"column":3}},"type":"if","locations":[{"start":{"line":14,"column":9},"end":{"line":19,"column":3}},{"start":{"line":14,"column":9},"end":{"line":19,"column":3}}],"line":14},"3":{"loc":{"start":{"line":15,"column":4},"end":{"line":16,"column":40}},"type":"binary-expr","locations":[{"start":{"line":15,"column":4},"end":{"line":15,"column":40}},{"start":{"line":16,"column":4},"end":{"line":16,"column":40}}],"line":15}},"s":{"0":4,"1":4,"2":0,"3":4,"4":1,"5":3},"f":{"0":4,"1":4},"b":{"0":[2],"1":[0,4],"2":[1,3],"3":[4,4]},"_coverageSchema":"43e27e138ebf9cfc5966b082cf9a028302ed4184","hash":"85948d7123bd0a0ebb4afc55e161673d5e7ee5b7"}
,"/Volumes/ravi128/PROJECTS/pluralsight/src/redux/reducers/authorReducer.js": {"path":"/Volumes/ravi128/PROJECTS/pluralsight/src/redux/reducers/authorReducer.js","statementMap":{"0":{"start":{"line":5,"column":2},"end":{"line":10,"column":3}},"1":{"start":{"line":7,"column":6},"end":{"line":7,"column":28}},"2":{"start":{"line":9,"column":6},"end":{"line":9,"column":19}}},"fnMap":{"0":{"name":"authorReducer","decl":{"start":{"line":4,"column":24},"end":{"line":4,"column":37}},"loc":{"start":{"line":4,"column":76},"end":{"line":11,"column":1}},"line":4}},"branchMap":{"0":{"loc":{"start":{"line":4,"column":38},"end":{"line":4,"column":66}},"type":"default-arg","locations":[{"start":{"line":4,"column":46},"end":{"line":4,"column":66}}],"line":4},"1":{"loc":{"start":{"line":5,"column":2},"end":{"line":10,"column":3}},"type":"switch","locations":[{"start":{"line":6,"column":4},"end":{"line":7,"column":28}},{"start":{"line":8,"column":4},"end":{"line":9,"column":19}}],"line":5}},"s":{"0":4,"1":0,"2":4},"f":{"0":4},"b":{"0":[2],"1":[0,4]},"_coverageSchema":"43e27e138ebf9cfc5966b082cf9a028302ed4184","hash":"eb722f21d48140fc93edcae984e8196f1614ca6b"}
,"/Volumes/ravi128/PROJECTS/pluralsight/src/redux/reducers/courseReducer.js": {"path":"/Volumes/ravi128/PROJECTS/pluralsight/src/redux/reducers/courseReducer.js","statementMap":{"0":{"start":{"line":5,"column":2},"end":{"line":18,"column":3}},"1":{"start":{"line":7,"column":6},"end":{"line":7,"column":46}},"2":{"start":{"line":9,"column":6},"end":{"line":11,"column":8}},"3":{"start":{"line":10,"column":8},"end":{"line":10,"column":63}},"4":{"start":{"line":13,"column":6},"end":{"line":13,"column":28}},"5":{"start":{"line":15,"column":6},"end":{"line":15,"column":68}},"6":{"start":{"line":15,"column":36},"end":{"line":15,"column":66}},"7":{"start":{"line":17,"column":6},"end":{"line":17,"column":19}}},"fnMap":{"0":{"name":"courseReducer","decl":{"start":{"line":4,"column":24},"end":{"line":4,"column":37}},"loc":{"start":{"line":4,"column":76},"end":{"line":19,"column":1}},"line":4},"1":{"name":"(anonymous_1)","decl":{"start":{"line":9,"column":23},"end":{"line":9,"column":24}},"loc":{"start":{"line":10,"column":8},"end":{"line":10,"column":63}},"line":10},"2":{"name":"(anonymous_2)","decl":{"start":{"line":15,"column":26},"end":{"line":15,"column":27}},"loc":{"start":{"line":15,"column":36},"end":{"line":15,"column":66}},"line":15}},"branchMap":{"0":{"loc":{"start":{"line":4,"column":38},"end":{"line":4,"column":66}},"type":"default-arg","locations":[{"start":{"line":4,"column":46},"end":{"line":4,"column":66}}],"line":4},"1":{"loc":{"start":{"line":5,"column":2},"end":{"line":18,"column":3}},"type":"switch","locations":[{"start":{"line":6,"column":4},"end":{"line":7,"column":46}},{"start":{"line":8,"column":4},"end":{"line":11,"column":8}},{"start":{"line":12,"column":4},"end":{"line":13,"column":28}},{"start":{"line":14,"column":4},"end":{"line":15,"column":68}},{"start":{"line":16,"column":4},"end":{"line":17,"column":19}}],"line":5},"2":{"loc":{"start":{"line":10,"column":8},"end":{"line":10,"column":63}},"type":"cond-expr","locations":[{"start":{"line":10,"column":41},"end":{"line":10,"column":54}},{"start":{"line":10,"column":57},"end":{"line":10,"column":63}}],"line":10}},"s":{"0":6,"1":2,"2":1,"3":3,"4":0,"5":0,"6":0,"7":3},"f":{"0":6,"1":3,"2":0},"b":{"0":[2],"1":[2,1,0,0,3],"2":[1,2]},"_coverageSchema":"43e27e138ebf9cfc5966b082cf9a028302ed4184","hash":"81cef35afc2d6c108d7a16f8b27ce577c2df8c67"}
,"/Volumes/ravi128/PROJECTS/pluralsight/src/redux/reducers/index.js": {"path":"/Volumes/ravi128/PROJECTS/pluralsight/src/redux/reducers/index.js","statementMap":{"0":{"start":{"line":6,"column":20},"end":{"line":10,"column":2}}},"fnMap":{},"branchMap":{},"s":{"0":1},"f":{},"b":{},"_coverageSchema":"43e27e138ebf9cfc5966b082cf9a028302ed4184","hash":"cf72a1681c9aaf709d704bba04ad58f7ea1811c8"}
,"/Volumes/ravi128/PROJECTS/pluralsight/src/redux/reducers/initialState.js": {"path":"/Volumes/ravi128/PROJECTS/pluralsight/src/redux/reducers/initialState.js","statementMap":{},"fnMap":{},"branchMap":{},"s":{},"f":{},"b":{},"_coverageSchema":"43e27e138ebf9cfc5966b082cf9a028302ed4184","hash":"7c655bebfdef8a368c7bb4cdac6fa5cf49ae0884"}
,"/Volumes/ravi128/PROJECTS/pluralsight/tools/mockData.js": {"path":"/Volumes/ravi128/PROJECTS/pluralsight/tools/mockData.js","statementMap":{"0":{"start":{"line":1,"column":16},"end":{"line":72,"column":1}},"1":{"start":{"line":74,"column":16},"end":{"line":78,"column":1}},"2":{"start":{"line":80,"column":18},"end":{"line":85,"column":1}},"3":{"start":{"line":88,"column":0},"end":{"line":92,"column":2}}},"fnMap":{},"branchMap":{},"s":{"0":4,"1":4,"2":4,"3":4},"f":{},"b":{},"_coverageSchema":"43e27e138ebf9cfc5966b082cf9a028302ed4184","hash":"44c85ec2f2f30458c36f0fe6621bb58409444974"}
,"/Volumes/ravi128/PROJECTS/pluralsight/tools/styleMock.js": {"path":"/Volumes/ravi128/PROJECTS/pluralsight/tools/styleMock.js","statementMap":{"0":{"start":{"line":2,"column":0},"end":{"line":2,"column":20}}},"fnMap":{},"branchMap":{},"s":{"0":2},"f":{},"b":{},"_coverageSchema":"43e27e138ebf9cfc5966b082cf9a028302ed4184","hash":"5c81d709b34b3ea7bac797643655f49b85e3eb67"}
}
