TN:
SF:/Volumes/ravi128/PROJECTS/pluralsight/src/api/apiUtils.js
FN:1,handleResponse
FN:13,handleError
FNF:2
FNH:1
FNDA:1,handleResponse
FNDA:0,handleError
DA:2,1
DA:3,0
DA:6,0
DA:7,0
DA:9,0
DA:15,0
DA:16,0
LF:7
LH:1
BRDA:2,0,0,1
BRDA:2,0,1,0
BRDA:3,1,0,0
BRDA:3,1,1,0
BRF:4
BRH:1
end_of_record
TN:
SF:/Volumes/ravi128/PROJECTS/pluralsight/src/api/authorApi.js
FN:4,getAuthors
FNF:1
FNH:0
FNDA:0,getAuthors
DA:2,1
DA:5,0
LF:2
LH:1
BRF:0
BRH:0
end_of_record
TN:
SF:/Volumes/ravi128/PROJECTS/pluralsight/src/api/courseApi.js
FN:4,getCourses
FN:10,saveCourse
FN:20,deleteCourse
FNF:3
FNH:1
FNDA:1,getCourses
FNDA:0,saveCourse
FNDA:0,deleteCourse
DA:2,4
DA:5,1
DA:11,0
DA:21,0
LF:4
LH:2
BRDA:11,0,0,0
BRDA:11,0,1,0
BRDA:12,1,0,0
BRDA:12,1,1,0
BRF:4
BRH:0
end_of_record
TN:
SF:/Volumes/ravi128/PROJECTS/pluralsight/src/components/about/AboutPage.js
FN:3,(anonymous_0)
FNF:1
FNH:1
FNDA:1,(anonymous_0)
DA:3,1
DA:4,1
LF:2
LH:2
BRF:0
BRH:0
end_of_record
TN:
SF:/Volumes/ravi128/PROJECTS/pluralsight/src/components/common/Header.js
FN:4,(anonymous_0)
FNF:1
FNH:1
FNDA:2,(anonymous_0)
DA:4,1
DA:5,2
DA:6,2
LF:3
LH:3
BRF:0
BRH:0
end_of_record
TN:
SF:/Volumes/ravi128/PROJECTS/pluralsight/src/components/common/SelectInput.js
FN:4,(anonymous_0)
FN:25,(anonymous_1)
FNF:2
FNH:2
FNDA:8,(anonymous_0)
FNDA:15,(anonymous_1)
DA:4,4
DA:13,8
DA:26,15
DA:39,4
LF:4
LH:4
BRDA:33,0,0,8
BRDA:33,0,1,1
BRF:2
BRH:2
end_of_record
TN:
SF:/Volumes/ravi128/PROJECTS/pluralsight/src/components/common/Spinner.js
FN:4,(anonymous_0)
FNF:1
FNH:1
FNDA:1,(anonymous_0)
DA:4,2
DA:5,1
LF:2
LH:2
BRF:0
BRH:0
end_of_record
TN:
SF:/Volumes/ravi128/PROJECTS/pluralsight/src/components/common/TextInput.js
FN:4,(anonymous_0)
FNF:1
FNH:1
FNDA:16,(anonymous_0)
DA:4,4
DA:5,16
DA:6,16
DA:7,2
DA:10,16
DA:28,4
LF:6
LH:6
BRDA:6,0,0,2
BRDA:6,0,1,14
BRDA:6,1,0,16
BRDA:6,1,1,2
BRDA:22,2,0,16
BRDA:22,2,1,2
BRF:6
BRH:6
end_of_record
TN:
SF:/Volumes/ravi128/PROJECTS/pluralsight/src/components/courses/CourseForm.js
FN:6,(anonymous_0)
FN:35,(anonymous_1)
FNF:2
FNH:2
FNDA:11,(anonymous_0)
FNDA:15,(anonymous_1)
DA:6,4
DA:14,11
DA:35,15
DA:58,4
LF:4
LH:4
BRDA:11,0,0,0
BRDA:12,1,0,2
BRDA:16,2,0,2
BRDA:16,2,1,9
BRDA:17,3,0,11
BRDA:17,3,1,0
BRDA:33,4,0,11
BRDA:33,4,1,9
BRDA:52,5,0,3
BRDA:52,5,1,8
BRF:10
BRH:8
end_of_record
TN:
SF:/Volumes/ravi128/PROJECTS/pluralsight/src/components/courses/CourseList.js
FN:6,(anonymous_0)
FN:9,(anonymous_1)
FN:25,(anonymous_2)
FN:44,(anonymous_3)
FNF:4
FNH:3
FNDA:2,(anonymous_0)
FNDA:2,(anonymous_1)
FNDA:20,(anonymous_2)
FNDA:0,(anonymous_3)
DA:7,2
DA:10,2
DA:11,2
DA:13,2
DA:26,20
DA:44,0
DA:58,1
LF:7
LH:6
BRF:0
BRH:0
end_of_record
TN:
SF:/Volumes/ravi128/PROJECTS/pluralsight/src/components/courses/ManageCoursePage.js
FN:11,ManageCoursePage
FN:24,(anonymous_1)
FN:26,(anonymous_2)
FN:34,(anonymous_3)
FN:40,handleChange
FN:42,(anonymous_5)
FN:48,formIsValid
FN:61,handleSave
FN:66,(anonymous_8)
FN:70,(anonymous_9)
FN:100,getCourseBySlug
FN:101,(anonymous_11)
FN:104,mapStateToProps
FNF:13
FNH:4
FNDA:3,ManageCoursePage
FNDA:1,(anonymous_1)
FNDA:0,(anonymous_2)
FNDA:0,(anonymous_3)
FNDA:0,handleChange
FNDA:0,(anonymous_5)
FNDA:1,formIsValid
FNDA:1,handleSave
FNDA:0,(anonymous_8)
FNDA:0,(anonymous_9)
FNDA:0,getCourseBySlug
FNDA:0,(anonymous_11)
FNDA:0,mapStateToProps
DA:20,3
DA:21,3
DA:22,3
DA:24,3
DA:25,1
DA:26,0
DA:27,0
DA:30,1
DA:33,1
DA:34,0
DA:35,0
DA:41,0
DA:42,0
DA:49,1
DA:50,1
DA:52,1
DA:53,1
DA:54,1
DA:56,1
DA:58,1
DA:62,1
DA:63,1
DA:64,0
DA:65,0
DA:67,0
DA:68,0
DA:71,0
DA:72,0
DA:76,3
DA:90,1
DA:101,0
DA:105,0
DA:107,0
DA:110,0
DA:117,1
LF:35
LH:19
BRDA:25,0,0,0
BRDA:25,0,1,1
BRDA:33,1,0,0
BRDA:33,1,1,1
BRDA:44,2,0,0
BRDA:44,2,1,0
BRDA:52,3,0,1
BRDA:52,3,1,0
BRDA:53,4,0,1
BRDA:53,4,1,0
BRDA:54,5,0,1
BRDA:54,5,1,0
BRDA:63,6,0,1
BRDA:63,6,1,0
BRDA:76,7,0,0
BRDA:76,7,1,3
BRDA:76,8,0,3
BRDA:76,8,1,3
BRDA:101,9,0,0
BRDA:101,9,1,0
BRDA:107,10,0,0
BRDA:107,10,1,0
BRDA:107,11,0,0
BRDA:107,11,1,0
BRF:24
BRH:9
end_of_record
TN:
SF:/Volumes/ravi128/PROJECTS/pluralsight/src/redux/actions/actionTypes.js
FNF:0
FNH:0
DA:1,4
DA:2,4
DA:3,4
DA:4,4
DA:5,4
DA:6,4
DA:7,4
DA:14,4
LF:8
LH:8
BRF:0
BRH:0
end_of_record
TN:
SF:/Volumes/ravi128/PROJECTS/pluralsight/src/redux/actions/apiStatusActions.js
FN:3,beginApiCall
FN:7,apiCallError
FNF:2
FNH:1
FNDA:1,beginApiCall
FNDA:0,apiCallError
DA:4,1
DA:8,0
LF:2
LH:1
BRF:0
BRH:0
end_of_record
TN:
SF:/Volumes/ravi128/PROJECTS/pluralsight/src/redux/actions/authorActions.js
FN:5,loadAuthorsSuccess
FN:9,loadAuthors
FN:10,(anonymous_2)
FN:14,(anonymous_3)
FN:17,(anonymous_4)
FNF:5
FNH:0
FNDA:0,loadAuthorsSuccess
FNDA:0,loadAuthors
FNDA:0,(anonymous_2)
FNDA:0,(anonymous_3)
FNDA:0,(anonymous_4)
DA:6,0
DA:10,0
DA:11,0
DA:12,0
DA:15,0
DA:18,0
DA:19,0
LF:7
LH:0
BRF:0
BRH:0
end_of_record
TN:
SF:/Volumes/ravi128/PROJECTS/pluralsight/src/redux/actions/courseActions.js
FN:5,loadCourseSuccess
FN:9,createCourseSuccess
FN:13,updateCourseSuccess
FN:17,deleteCourseOptimistic
FN:21,loadCourses
FN:22,(anonymous_5)
FN:26,(anonymous_6)
FN:29,(anonymous_7)
FN:36,saveCourse
FN:38,(anonymous_9)
FN:42,(anonymous_10)
FN:47,(anonymous_11)
FN:54,deleteCourse
FN:55,(anonymous_13)
FNF:14
FNH:6
FNDA:1,loadCourseSuccess
FNDA:3,createCourseSuccess
FNDA:1,updateCourseSuccess
FNDA:0,deleteCourseOptimistic
FNDA:1,loadCourses
FNDA:1,(anonymous_5)
FNDA:1,(anonymous_6)
FNDA:0,(anonymous_7)
FNDA:0,saveCourse
FNDA:0,(anonymous_9)
FNDA:0,(anonymous_10)
FNDA:0,(anonymous_11)
FNDA:0,deleteCourse
FNDA:0,(anonymous_13)
DA:6,1
DA:10,3
DA:14,1
DA:18,0
DA:22,1
DA:23,1
DA:24,1
DA:27,1
DA:30,0
DA:31,0
DA:38,0
DA:39,0
DA:40,0
DA:43,0
DA:48,0
DA:49,0
DA:55,0
DA:58,0
DA:59,0
LF:19
LH:7
BRDA:43,0,0,0
BRDA:43,0,1,0
BRF:2
BRH:0
end_of_record
TN:
SF:/Volumes/ravi128/PROJECTS/pluralsight/src/redux/reducers/apiStatusReducer.js
FN:4,actionTypeEndsInSuccess
FN:8,apiCallStatusReducer
FNF:2
FNH:2
FNDA:4,actionTypeEndsInSuccess
FNDA:4,apiCallStatusReducer
DA:5,4
DA:12,4
DA:13,0
DA:14,4
DA:18,1
DA:21,3
LF:6
LH:5
BRDA:9,0,0,2
BRDA:12,1,0,0
BRDA:12,1,1,4
BRDA:14,2,0,1
BRDA:14,2,1,3
BRDA:15,3,0,4
BRDA:15,3,1,4
BRF:7
BRH:6
end_of_record
TN:
SF:/Volumes/ravi128/PROJECTS/pluralsight/src/redux/reducers/authorReducer.js
FN:4,authorReducer
FNF:1
FNH:1
FNDA:4,authorReducer
DA:5,4
DA:7,0
DA:9,4
LF:3
LH:2
BRDA:4,0,0,2
BRDA:5,1,0,0
BRDA:5,1,1,4
BRF:3
BRH:2
end_of_record
TN:
SF:/Volumes/ravi128/PROJECTS/pluralsight/src/redux/reducers/courseReducer.js
FN:4,courseReducer
FN:9,(anonymous_1)
FN:15,(anonymous_2)
FNF:3
FNH:2
FNDA:6,courseReducer
FNDA:3,(anonymous_1)
FNDA:0,(anonymous_2)
DA:5,6
DA:7,2
DA:9,1
DA:10,3
DA:13,0
DA:15,0
DA:17,3
LF:7
LH:5
BRDA:4,0,0,2
BRDA:5,1,0,2
BRDA:5,1,1,1
BRDA:5,1,2,0
BRDA:5,1,3,0
BRDA:5,1,4,3
BRDA:10,2,0,1
BRDA:10,2,1,2
BRF:8
BRH:6
end_of_record
TN:
SF:/Volumes/ravi128/PROJECTS/pluralsight/src/redux/reducers/index.js
FNF:0
FNH:0
DA:6,1
LF:1
LH:1
BRF:0
BRH:0
end_of_record
TN:
SF:/Volumes/ravi128/PROJECTS/pluralsight/src/redux/reducers/initialState.js
FNF:0
FNH:0
LF:0
LH:0
BRF:0
BRH:0
end_of_record
TN:
SF:/Volumes/ravi128/PROJECTS/pluralsight/tools/mockData.js
FNF:0
FNH:0
DA:1,4
DA:74,4
DA:80,4
DA:88,4
LF:4
LH:4
BRF:0
BRH:0
end_of_record
TN:
SF:/Volumes/ravi128/PROJECTS/pluralsight/tools/styleMock.js
FNF:0
FNH:0
DA:2,2
LF:1
LH:1
BRF:0
BRH:0
end_of_record
